This file contains any messages produced by compilers while
running configure, to aid debugging if configure makes a mistake.

It was created by AUTO_DRONE configure 1.0.0, which was
generated by GNU Autoconf 2.69.  Invocation command line was

  $ ./configure --target=aarch64-poky-linux --host=aarch64-poky-linux --build=x86_64-linux --with-libtool-sysroot=/opt/fsl-imx-xwayland/4.9-rocko/sysroots/aarch64-poky-linux

## --------- ##
## Platform. ##
## --------- ##

hostname = hiroshi-pc
uname -m = x86_64
uname -r = 4.15.0-43-generic
uname -s = Linux
uname -v = #46-Ubuntu SMP Thu Dec 6 14:45:28 UTC 2018

/usr/bin/uname -p = unknown
/bin/uname -X     = unknown

/bin/arch              = unknown
/usr/bin/arch -k       = unknown
/usr/convex/getsysinfo = unknown
/usr/bin/hostinfo      = unknown
/bin/machine           = unknown
/usr/bin/oslevel       = unknown
/bin/universe          = unknown

PATH: /opt/fsl-imx-xwayland/4.9-rocko/sysroots/x86_64-pokysdk-linux/usr/bin
PATH: /opt/fsl-imx-xwayland/4.9-rocko/sysroots/x86_64-pokysdk-linux/usr/sbin
PATH: /opt/fsl-imx-xwayland/4.9-rocko/sysroots/x86_64-pokysdk-linux/bin
PATH: /opt/fsl-imx-xwayland/4.9-rocko/sysroots/x86_64-pokysdk-linux/sbin
PATH: /opt/fsl-imx-xwayland/4.9-rocko/sysroots/x86_64-pokysdk-linux/usr/bin/../x86_64-pokysdk-linux/bin
PATH: /opt/fsl-imx-xwayland/4.9-rocko/sysroots/x86_64-pokysdk-linux/usr/bin/aarch64-poky-linux
PATH: /opt/fsl-imx-xwayland/4.9-rocko/sysroots/x86_64-pokysdk-linux/usr/bin/aarch64-poky-linux-musl
PATH: /opt/fsl-imx-xwayland/4.9-rocko/sysroots/x86_64-pokysdk-linux/usr/bin
PATH: /opt/fsl-imx-xwayland/4.9-rocko/sysroots/x86_64-pokysdk-linux/usr/sbin
PATH: /opt/fsl-imx-xwayland/4.9-rocko/sysroots/x86_64-pokysdk-linux/bin
PATH: /opt/fsl-imx-xwayland/4.9-rocko/sysroots/x86_64-pokysdk-linux/sbin
PATH: /opt/fsl-imx-xwayland/4.9-rocko/sysroots/x86_64-pokysdk-linux/usr/bin/../x86_64-pokysdk-linux/bin
PATH: /opt/fsl-imx-xwayland/4.9-rocko/sysroots/x86_64-pokysdk-linux/usr/bin/aarch64-poky-linux
PATH: /opt/fsl-imx-xwayland/4.9-rocko/sysroots/x86_64-pokysdk-linux/usr/bin/aarch64-poky-linux-musl
PATH: /home/hiroshi/bin
PATH: /home/hiroshi/bin
PATH: /usr/local/sbin
PATH: /usr/local/bin
PATH: /usr/sbin
PATH: /usr/bin
PATH: /sbin
PATH: /bin
PATH: /usr/games
PATH: /usr/local/games
PATH: /snap/bin
PATH: /home/hiroshi/hiroshi/imx8PRJ/imx-yocto-bsp/build-xwayland/tmp/work-shared/imx8mqevk/kernel-source/include
PATH: /home/hiroshi/hiroshi/imx8PRJ/imx-yocto-bsp/build-xwayland/tmp/work-shared/imx8mqevk/kernel-source/include


## ----------- ##
## Core tests. ##
## ----------- ##

configure:2045: loading site script /opt/fsl-imx-xwayland/4.9-rocko/site-config-aarch64-poky-linux
| ac_cv_c_littleendian=${ac_cv_c_littleendian=yes}
| ac_cv_c_bigendian=${ac_cv_c_bigendian=no}
| 
| # libnet
| ac_cv_libnet_endianess=${ac_cv_libnet_endianess=lil}
| 
| # libmemcached
| ac_cv_c_endian=little
| # general
| ac_cv_va_val_copy=${ac_cv_va_val_copy=yes}
| ac_cv_func_lstat_dereferences_slashed_symlink=${ac_cv_func_lstat_dereferences_slashed_symlink=yes}
| ac_cv_func_lstat_empty_string_bug=${ac_cv_func_lstat_empty_string_bug=no}
| ac_cv_func_stat_empty_string_bug=${ac_cv_func_stat_empty_string_bug=no}
| ac_cv_func_stat_ignores_trailing_slash=${ac_cv_func_stat_ignores_trailing_slash=no}
| ac_cv_header_netinet_sctp_h=${ac_cv_header_netinet_sctp_h=no}
| ac_cv_header_netinet_sctp_uio_h=${ac_cv_header_netinet_sctp_uio_h=no}
| ac_cv_sctp=${ac_cv_sctp=no}
| 
| # bash
| ac_cv_c_long_double=${ac_cv_c_long_double=yes}
| bash_cv_func_sigsetjmp=${bash_cv_func_sigsetjmp=missing}
| 
| # coreutils
| utils_cv_sys_open_max=${utils_cv_sys_open_max=1019}
| 
| # cvs
| cvs_cv_func_printf_ptr=${cvs_cv_func_printf_ptr=yes}
| 
| # db (sleepycat)
| db_cv_fcntl_f_setfd=${db_cv_fcntl_f_setfd=yes}
| db_cv_sprintf_count=${db_cv_sprintf_count=yes}
| db_cv_align_t=${db_cv_align_t='unsigned long long'}
| db_cv_alignp_t=${db_cv_alignp_t='unsigned long'}
| 
| # D-BUS
| ac_cv_func_posix_getpwnam_r=${ac_cv_func_posix_getpwnam_r=yes}
| 
| # edb
| db_cv_spinlocks=${db_cv_spinlocks=no}
| 
| # ettercap
| ettercap_cv_type_socklen_t=${ettercap_cv_type_socklen_t=yes}
| 
| # fget
| compat_cv_func_snprintf_works=${compat_cv_func_snprintf_works=yes}
| compat_cv_func_basename_works=${compat_cv_func_basename_works=no}
| compat_cv_func_dirname_works=${compat_cv_func_dirname_works=no}
| 
| # fnmatch
| ac_cv_func_fnmatch_works=${ac_cv_func_fnmatch_works=yes}
| 
| # gettext
| am_cv_func_working_getline=${am_cv_func_working_getline=yes}
| 
| # glib
| glib_cv_stack_grows=${glib_cv_stack_grows=no}
| glib_cv_uscore=${glib_cv_uscore=no}
| glib_cv_use_pid_surrogate=${glib_cv_use_pid_surrogate=yes}
| glib_cv_has__inline=${glib_cv_has__inline=yes}
| glib_cv_has__inline__=${glib_cv_has__inline__=yes}
| glib_cv_hasinline=${glib_cv_hasinline=yes}
| glib_cv_sane_realloc=${glib_cv_sane_realloc=yes}
| glib_cv_uscore=${glib_cv_uscore=no}
| glib_cv_va_val_copy=${glib_cv_va_val_copy=yes}
| glib_cv_rtldglobal_broken=${glib_cv_rtldglobal_broken=no}
| glib_cv_sys_pthread_mutex_trylock_posix=${glib_cv_sys_pthread_mutex_trylock_posix=yes}
| glib_cv_sys_pthread_getspecific_posix=${glib_cv_sys_pthread_getspecific_posix=yes}
| glib_cv_sys_pthread_cond_timedwait_posix=${glib_cv_sys_pthread_cond_timedwait_posix=yes}
| 
| # glib-2.0
| glib_cv_long_long_format=${glib_cv_long_long_format=ll}
| glib_cv_sys_use_pid_niceness_surrogate=${glib_cv_sys_use_pid_niceness_surrogate=yes}
| 
| #gstreamer
| as_cv_unaligned_access=${as_cv_unaligned_access=no}
| 
| # httppc
| ac_cv_strerror_r_SUSv3=${ac_cv_strerror_r_SUSv3=no}
| 
| # lftp
| ac_cv_need_trio=${ac_cv_need_trio=no}
| lftp_cv_va_val_copy=${lftp_cv_va_val_copy=yes}
| 
| # libesmtp
| acx_working_snprintf=${acx_working_snprintf=yes}
| 
| # libidl
| libIDL_cv_long_long_format=${libIDL_cv_long_long_format=ll}
| 
| # libnet 
| ac_libnet_have_packet_socket=${ac_libnet_have_packet_socket=yes}
| 
| # libpcap
| ac_cv_linux_vers=${ac_cv_linux_vers=2}
| 
| # libxfce4util
| with_broken_putenv=${with_broken_putenv=no}
| 
| # links
| ac_cv_lib_png_png_create_info_struct=${ac_cv_lib_png_png_create_info_struct=yes}
| 
| # mysql
| mysql_cv_func_atomic_sub=${mysql_cv_func_atomic_sub=no}
| mysql_cv_func_atomic_add=${mysql_cv_func_atomic_add=no}
| 
| # nano
| ac_cv_regexec_segfault_emptystr=${ac_cv_regexec_segfault_emptystr=no}
| nano_cv_func_regexec_segv_emptystr=${nano_cv_func_regexec_segv_emptystr=no}
| 
| # php
| ac_cv_pread=${ac_cv_pread=no}
| ac_cv_pwrite=${ac_cv_pwrite=no}
| php_cv_lib_cookie_io_functions_use_off64_t=${php_cv_lib_cookie_io_functions_use_off64_t=yes}
| 
| # rsync
| rsync_cv_HAVE_BROKEN_LARGEFILE=${rsync_cv_HAVE_BROKEN_LARGEFILE=no}
| rsync_cv_HAVE_SOCKETPAIR=${rsync_cv_HAVE_SOCKETPAIR=yes}
| rsync_cv_HAVE_LONGLONG=${rsync_cv_HAVE_LONGLONG=yes}
| rsync_cv_HAVE_OFF64_T=${rsync_cv_HAVE_OFF64_T=no}
| rsync_cv_HAVE_SHORT_INO_T=${rsync_cv_HAVE_SHORT_INO_T=no}
| rsync_cv_HAVE_UNSIGNED_CHAR=${rsync_cv_HAVE_UNSIGNED_CHAR=no}
| rsync_cv_HAVE_BROKEN_READDIR=${rsync_cv_HAVE_BROKEN_READDIR=no}
| rsync_cv_HAVE_GETTIMEOFDAY_TZ=${rsync_cv_HAVE_GETTIMEOFDAY_TZ=yes}
| rsync_cv_HAVE_SECURE_MKSTEMP=${rsync_cv_HAVE_SECURE_MKSTEMP=yes}
| rsync_cv_REPLACE_INET_NTOA=${rsync_cv_REPLACE_INET_NTOA=no}
| rsync_cv_REPLACE_INET_ATON=${rsync_cv_REPLACE_INET_ATON=no}
| 
| # screen
| screen_cv_sys_bcopy_overlap=${screen_cv_sys_bcopy_overlap=no}
| screen_cv_sys_memcpy_overlap=${screen_cv_sys_memcpy_overlap=no}
| screen_cv_sys_memmove_overlap=${screen_cv_sys_memmove_overlap=no}
| screen_cv_sys_fifo_broken_impl=${screen_cv_sys_fifo_broken_impl=yes}
| screen_cv_sys_fifo_usable=${screen_cv_sys_fifo_usable=yes}
| screen_cv_sys_select_broken_retval=${screen_cv_sys_select_broken_retval=no}
| screen_cv_sys_sockets_nofs=${screen_cv_sys_sockets_nofs=no}
| screen_cv_sys_sockets_usable=${screen_cv_sys_sockets_usable=yes}
| screen_cv_sys_terminfo_used=${screen_cv_sys_terminfo_used=yes}
| 
| # slrn
| slrn_cv_va_val_copy=${slrn_cv_va_val_copy=yes}
| 
| # socat
| ac_cv_ispeed_offset=${ac_cv_ispeed_offset=13}
| sc_cv_termios_ispeed=${sc_cv_termios_ispeed=yes}
| 
| # ssh
| ac_cv_have_space_d_name_in_struct_dirent=${ac_cv_dirent_have_space_d_name=yes}
| ac_cv_have_broken_snprintf=${ac_cv_have_broken_snprintf=no}
| ac_cv_have_accrights_in_msghdr=${ac_cv_have_accrights_in_msghdr=no}
| ac_cv_have_control_in_msghdr=${ac_cv_have_control_in_msghdr=yes}
| ac_cv_have_openpty_ctty_bug=${ac_cv_have_openpty_ctty_bug=yes}
| 
| # startup-notification
| lf_cv_sane_realloc=yes
| 
| # xffm
| jm_cv_func_working_readdir=yes
| 
| # evolution-data-server
| ac_cv_libiconv_utf8=${ac_cv_libiconv_utf8=yes}
| 
| # definitions assuming 64-bit arm architecture
| 
| # general
| ac_cv_sizeof_wchar_t=4
| ac_cv_sizeof_size_t=8
| ac_cv_sizeof_ssize_t=8
| ac_cv_alignof_char=1
| ac_cv_alignof_double=8
| 
| # glib
| #glib_cv_sizeof_gmutex=${glib_cv_sizeof_gmutex=24}
| #glib_cv_sizeof_system_thread=${glib_cv_sizeof_system_thread=4}
| #glib_cv_sizeof_gmutex=${glib_cv_sizeof_gmutex=24}
| 
| # glib-2.0
| #glib_cv_sizeof_gmutex=${glib_cv_sizeof_gmutex=24}
| #glib_cv_sizeof_intmax_t=${glib_cv_sizeof_intmax_t=8}
| #glib_cv_sizeof_ptrdiff_t=${glib_cv_sizeof_ptrdiff_t=4}
| #glib_cv_sizeof_size_t=${glib_cv_sizeof_size_t=4}
| #glib_cv_sizeof_system_thread=${glib_cv_sizeof_system_thread=4}
| ac_cv_alignof_guint32=4
| ac_cv_alignof_guint64=8
| ac_cv_alignof_unsigned_long=8
| 
| # ORBit2 (should be in meta-gnome/site/arm-64)
| #ac_cv_alignof_CORBA_boolean=1
| #ac_cv_alignof_CORBA_char=1
| #ac_cv_alignof_CORBA_double=8
| #ac_cv_alignof_CORBA_float=4
| #ac_cv_alignof_CORBA_long=4
| #ac_cv_alignof_CORBA_long_double=8
| #ac_cv_alignof_CORBA_long_long=8
| #ac_cv_alignof_CORBA_octet=1
| #ac_cv_alignof_CORBA_pointer=4
| #ac_cv_alignof_CORBA_short=2
| #ac_cv_alignof_CORBA_struct=1
| #ac_cv_alignof_CORBA_wchar=2
| 
| # at-spi2-core
| ac_cv_alignof_dbind_pointer=8
| ac_cv_alignof_dbind_struct=1
| ac_cv_alignof_dbus_bool_t=4
| ac_cv_alignof_dbus_int16_t=2
| ac_cv_alignof_dbus_int32_t=4
| ac_cv_alignof_dbus_int64_t=8
| 
| # gettext - these add sleep delays otherwise
| gl_cv_func_sleep_works=${gl_cv_func_sleep_works=yes}
| gl_cv_header_working_fcntl_h=${gl_cv_header_working_fcntl_h=yes}
| 
| # apr
| ac_cv_file__dev_zero=${ac_cv_file__dev_zero=yes}
| ac_cv_sizeof_pid_t=${ac_cv_sizeof_pid_t=4}
| ac_cv_func_pthread_key_delete=${ac_cv_func_pthread_key_delete=yes}
| apr_cv_tcp_nodelay_with_cork=${apr_cv_tcp_nodelay_with_cork=yes}
| apr_cv_process_shared_works=${apr_cv_process_shared_works=no}
| 
| # samba
| samba_cv_HAVE_IFACE_AIX=${samba_cv_HAVE_IFACE_AIX=no}
| samba_cv_HAVE_IFACE_IFCONF=${samba_cv_HAVE_IFACE_IFCONF=yes}
| samba_cv_HAVE_IFACE_IFREQ=${samba_cv_HAVE_IFACE_IFREQ=yes}
| samba_cv_HAVE_IRIX_SPECIFIC_CAPABILITIES=${samba_cv_HAVE_IRIX_SPECIFIC_CAPABILITIES=no}
| 
| # db
| db_cv_path_ar=${db_cv_path_ar=/usr/bin/ar}
| db_cv_path_chmod=${db_cv_path_chmod=/bin/chmod}
| db_cv_path_cp=${db_cv_path_cp=/bin/cp}
| db_cv_path_ln=${db_cv_path_ln=/bin/ln}
| db_cv_path_mkdir=${db_cv_path_mkdir=/bin/mkdir}
| db_cv_path_ranlib=${db_cv_path_ranlib=/usr/bin/ranlib}
| db_cv_path_rm=${db_cv_path_rm=/bin/rm}
| db_cv_path_sh=${db_cv_path_sh=/bin/sh}
| db_cv_path_strip=${db_cv_path_strip=/usr/bin/strip}
| 
| # bash
| bash_cv_have_mbstate_t=${bash_cv_have_mbstate_t=yes}
| bash_cv_must_reinstall_sighandlers=${bash_cv_must_reinstall_sighandlers=no}
| bash_cv_func_strcoll_broken=${bash_cv_func_strcoll_broken=no}
| bash_cv_dup2_broken=${bash_cv_dup2_broken=no}
| bash_cv_opendir_not_robust=${bash_cv_opendir_not_robust=no}
| bash_cv_type_rlimit=${bash_cv_type_rlimit=rlim_t}
| bash_cv_getenv_redef=${bash_cv_getenv_redef=yes}
| bash_cv_ulimit_maxfds=${bash_cv_ulimit_maxfds=yes}
| bash_cv_getcwd_calls_popen=${bash_cv_getcwd_calls_popen=no}
| bash_cv_printf_a_format=${bash_cv_printf_a_format=yes}
| bash_cv_pgrp_pipe=${bash_cv_pgrp_pipe=no}
| bash_cv_job_control_missing=${bash_cv_job_control_missing=present}
| bash_cv_sys_named_pipes=${bash_cv_sys_named_pipes=present}
| bash_cv_unusable_rtsigs=${bash_cv_unusable_rtsigs=no}
| 
| # ccache
| hw_cv_func_snprintf_c99=${hw_cv_func_snprintf_c99=yes}
| hw_cv_func_vsnprintf_c99=${hw_cv_func_vsnprintf_c99=yes}
| 
| # coreutils
| gl_cv_func_fstatat_zero_flag=${gl_cv_func_fstatat_zero_flag=yes}
| 
| # mysql
| ac_cv_sys_restartable_syscalls=${ac_cv_sys_restartable_syscalls=yes}
| ac_cv_conv_longlong_to_float=${ac_cv_conv_longlong_to_float=yes}
| 
| # TCL
| tcl_cv_api_serial=${tcl_cv_api_serial=termios}
| 
| # python
| ac_cv_have_long_long_format=yes
| 
| # apache
| ac_cv_o_nonblock_inherited=${ac_cv_o_nonblock_inherited=no}
| 
| # rsync
| rsync_cv_HAVE_C99_VSNPRINTF=${rsync_cv_HAVE_C99_VSNPRINTF=yes}
| # general
| ac_cv_have_decl_sys_siglist=${ac_cv_have_decl_sys_siglist=yes}
| ac_cv_func_realloc_works=${ac_cv_func_realloc_works=yes}
| ac_cv_func_realloc_0_nonnull=${ac_cv_func_realloc_0_nonnull=yes}
| ac_cv_func_malloc_works=${ac_cv_func_malloc_works=yes}
| ac_cv_func_malloc_0_nonnull=${ac_cv_func_malloc_0_nonnull=yes}
| ac_cv_func_memcmp_working=${ac_cv_func_memcmp_working=yes}
| ac_cv_func_getpgrp_void=yes
| ac_cv_func_setpgrp_void=yes
| ac_cv_func_setgrent_void=yes
| ac_cv_func_getgrgid_r=${ac_cv_func_getgrgid_r=yes}
| ac_cv_func_getpwuid_r=${ac_cv_func_getpwuid_r=yes}
| ac_cv_func_posix_getpwuid_r=${ac_cv_func_posix_getpwuid_r=yes}
| ac_cv_func_posix_getgrgid_r=${ac_cv_func_posix_getgrgid_r=yes}
| ac_cv_type_uid_t={ac_cv_type_uid_t=yes}
| ac_cv_func_getaddrinfo=${ac_cv_func_getaddrinfo=yes}
| 
| # bash
| bash_cv_under_sys_siglist=${bash_cv_under_sys_siglist=yes}
| bash_cv_sys_siglist=${bash_cv_sys_siglist=yes}
| bash_cv_getcwd_malloc=${bash_cv_getcwd_malloc=yes}
| 
| # clamav
| clamav_av_func_working_snprintf_long=${clamav_av_func_working_snprintf_long=yes}
| clamav_av_have_in_port_t=${clamav_av_have_in_port_t=yes}
| clamav_av_have_in_addr_t=${clamav_av_have_in_addr_t=yes}
| ac_cv_func_mmap_fixed_mapped=${ac_cv_func_mmap_fixed_mapped=yes}
| 
| # coreutils
| fu_cv_sys_stat_statfs2_bsize=${fu_cv_sys_stat_statfs2_bsize=yes}
| 
| # glib
| glib_cv_strlcpy=${glib_cv_strlcpy=no}
| ac_cv_func_printf_unix98=${ac_cv_func_printf_unix98=yes}
| ac_cv_func_snprintf_c99=${ac_cv_func_snprintf_c99=yes}
| ac_cv_func_vsnprintf_c99=${ac_cv_func_vsnprintf_c99=yes}
| glib_cv_compliant_posix_memalign=${glib_cv_compliant_posix_memalign=1}
| glib_cv_long_long_format=${glib_cv_long_long_format=ll}
| # glib-1.x requires this and pkgconfig-native / pkgconfig-nativesdk use
| # that to avoid a dependency loop.
| glib_cv___va_copy=${glib_cv___va_copy=yes}
| glib_cv_va_copy=${glib_cv_va_copy=yes}
| glib_cv_have_qsort_r=${glib_cv_have_qsort_r=yes}
| 
| #dbus-glib
| ac_cv_have_abstract_sockets=${ac_cv_have_abstract_sockets=yes}
| 
| # gnucash
| am_cv_scanf_lld=${am_cv_scanf_lld=yes}
| 
| # guile
| ac_cv_func_pthread_attr_getstack=${ac_cv_func_pthread_attr_getstack=yes}
| 
| #gcc-zlib
| ac_cv_func_getpagesize=${ac_cv_func_getpagesize=yes}
| ac_cv_func_memcpy=${ac_cv_func_memcpy=yes}
| ac_cv_func_strerror=${ac_cv_func_strerror=yes}
| 
| # squid
| ac_cv_af_unix_large_dgram=${ac_cv_af_unix_large_dgram=yes}
| ac_cv_func_setresuid=${ac_cv_func_setresuid=yes}
| ac_cv_func_va_copy=${ac_cv_func_va_copy=yes}
| ac_cv_func___va_copy=${ac_cv_func___va_copy=yes}
| ac_cv_epoll_works=${ac_cv_epoll_works=yes}
| 
| ac_cv_check_sjlj=ssjlj
| 
| # m4
| gt_cv_locale_fr=${gt_cv_locale_fr=fr_FR}
| gl_cv_func_btowc_eof=${gl_cv_func_btowc_eof=yes}
| gl_cv_func_wcrtomb_retval=${gl_cv_func_wcrtomb_retval=yes}
| gl_cv_func_wctob_works=${gl_cv_func_wctob_works=yes}
| gl_cv_func_mbrtowc_incomplete_state=${gl_cv_func_mbrtowc_incomplete_state=yes}
| gl_cv_func_mbrtowc_sanitycheck=${gl_cv_func_mbrtowc_sanitycheck=yes}
| gl_cv_func_mbrtowc_null_arg=${gl_cv_func_mbrtowc_null_arg=yes}
| gl_cv_func_mbrtowc_retval=${gl_cv_func_mbrtowc_retval=yes}
| gl_cv_func_mbrtowc_nul_retval=${gl_cv_func_mbrtowc_nul_retval=yes}
| 
| # va_copy and _va_copy
| ac_cv_va_copy=${ac_cv_va_copy=yes}
| ac_cv___va_copy=${ac_cv___va_copy=yes}
| ac_cv_func_va_copy=${ac_cv_func_va_copy=yes}
| ac_cv_func___va_copy=${ac_cv_func___va_copy=yes}
| 
| # Xorg
| xorg_cv_malloc0_returns_null=${xorg_cv_malloc0_returns_null=yes}
| # libelf
| mr_cv_target_elf=${mr_cv_target_elf=yes}
| 
| # Normally kernels have /dev/random enabled
| ac_cv_file__dev_random=${ac_cv_file__dev_random=yes}
| 
| # Avoid sudo to assume void for unsetenv in cross environment, or else it conflicts with
| # target stdlib.h prototype which follows POSIX compiliance. Mark for upstream.
| sudo_cv_func_unsetenv_void=no
| 
| # shadow dir info, to avoid searching build system
| shadow_cv_maildir=${localstatedir}/spool/mail
| shadow_cv_mailfile=Mailbox
| shadow_cv_utmpdir=${localstatedir}/run
| shadow_cv_logdir=${localstatedir}/log
| shadow_cv_passwd_dir=${bindir}
| 
| # python: deactivate a runtime check for ipv6-support in python >=2.7.1 that fails when cross-compiling
| ac_cv_buggy_getaddrinfo=no
| 
| ac_cv_path_SED=sed
| # rp-pppoe
| rpppoe_cv_pack_bitfields=${rpppoe_cv_pack_bitfields=rev}
| # ORBit2
| ac_cv_alignof_CORBA_boolean=1
| ac_cv_alignof_CORBA_char=1
| ac_cv_alignof_CORBA_double=8
| ac_cv_alignof_CORBA_float=4
| ac_cv_alignof_CORBA_long=4
| ac_cv_alignof_CORBA_long_double=8
| ac_cv_alignof_CORBA_long_long=8
| ac_cv_alignof_CORBA_octet=1
| ac_cv_alignof_CORBA_pointer=4
| ac_cv_alignof_CORBA_short=2
| ac_cv_alignof_CORBA_struct=1
| ac_cv_alignof_CORBA_wchar=2
configure:2189: checking for a BSD-compatible install
configure:2257: result: /usr/bin/install -c
configure:2268: checking whether build environment is sane
configure:2283: result: yes
configure:2333: checking for aarch64-poky-linux-strip
configure:2360: result: aarch64-poky-linux-strip
configure:2425: checking for a thread-safe mkdir -p
configure:2464: result: /bin/mkdir -p
configure:2471: checking for gawk
configure:2487: found /usr/bin/gawk
configure:2498: result: gawk
configure:2509: checking whether make sets $(MAKE)
configure:2531: result: yes
configure:2560: checking whether make supports nested variables
configure:2577: result: yes
configure:2712: checking for aarch64-poky-linux-gcc
configure:2739: result: aarch64-poky-linux-gcc  --sysroot=/opt/fsl-imx-xwayland/4.9-rocko/sysroots/aarch64-poky-linux
configure:3008: checking for C compiler version
configure:3017: aarch64-poky-linux-gcc  --sysroot=/opt/fsl-imx-xwayland/4.9-rocko/sysroots/aarch64-poky-linux --version >&5
aarch64-poky-linux-gcc (GCC) 7.3.0
Copyright (C) 2017 Free Software Foundation, Inc.
This is free software; see the source for copying conditions.  There is NO
warranty; not even for MERCHANTABILITY or FITNESS FOR A PARTICULAR PURPOSE.

configure:3028: $? = 0
configure:3017: aarch64-poky-linux-gcc  --sysroot=/opt/fsl-imx-xwayland/4.9-rocko/sysroots/aarch64-poky-linux -v >&5
Using built-in specs.
COLLECT_GCC=aarch64-poky-linux-gcc
COLLECT_LTO_WRAPPER=/opt/fsl-imx-xwayland/4.9-rocko/sysroots/x86_64-pokysdk-linux/usr/libexec/aarch64-poky-linux/gcc/aarch64-poky-linux/7.3.0/lto-wrapper
Target: aarch64-poky-linux
Configured with: ../../../../../../work-shared/gcc-7.3.0-r0/gcc-7.3.0/configure --build=x86_64-linux --host=x86_64-pokysdk-linux --target=aarch64-poky-linux --prefix=/opt/fsl-imx-xwayland/4.9-rocko/sysroots/x86_64-pokysdk-linux/usr --exec_prefix=/opt/fsl-imx-xwayland/4.9-rocko/sysroots/x86_64-pokysdk-linux/usr --bindir=/opt/fsl-imx-xwayland/4.9-rocko/sysroots/x86_64-pokysdk-linux/usr/bin/aarch64-poky-linux --sbindir=/opt/fsl-imx-xwayland/4.9-rocko/sysroots/x86_64-pokysdk-linux/usr/bin/aarch64-poky-linux --libexecdir=/opt/fsl-imx-xwayland/4.9-rocko/sysroots/x86_64-pokysdk-linux/usr/libexec/aarch64-poky-linux --datadir=/opt/fsl-imx-xwayland/4.9-rocko/sysroots/x86_64-pokysdk-linux/usr/share --sysconfdir=/opt/fsl-imx-xwayland/4.9-rocko/sysroots/x86_64-pokysdk-linux/etc --sharedstatedir=/opt/fsl-imx-xwayland/4.9-rocko/sysroots/x86_64-pokysdk-linux/com --localstatedir=/opt/fsl-imx-xwayland/4.9-rocko/sysroots/x86_64-pokysdk-linux/var --libdir=/opt/fsl-imx-xwayland/4.9-rocko/sysroots/x86_64-pokysdk-linux/usr/lib/aarch64-poky-linux --includedir=/opt/fsl-imx-xwayland/4.9-rocko/sysroots/x86_64-pokysdk-linux/usr/include --oldincludedir=/opt/fsl-imx-xwayland/4.9-rocko/sysroots/x86_64-pokysdk-linux/usr/include --infodir=/opt/fsl-imx-xwayland/4.9-rocko/sysroots/x86_64-pokysdk-linux/usr/share/info --mandir=/opt/fsl-imx-xwayland/4.9-rocko/sysroots/x86_64-pokysdk-linux/usr/share/man --disable-silent-rules --disable-dependency-tracking --with-libtool-sysroot=/home/hiroshi/imx8PRJ/imx-yocto-bsp/build-xwayland/tmp/work/x86_64-nativesdk-pokysdk-linux/gcc-cross-canadian-aarch64/7.3.0-r0/recipe-sysroot --with-gnu-ld --enable-shared --enable-languages=c,c++ --enable-threads=posix --enable-multilib --enable-c99 --enable-long-long --enable-symvers=gnu --enable-libstdcxx-pch --program-prefix=aarch64-poky-linux- --without-local-prefix --enable-lto --enable-libssp --enable-libitm --disable-bootstrap --disable-libmudflap --with-system-zlib --with-linker-hash-style=gnu --enable-linker-build-id --with-ppl=no --with-cloog=no --enable-checking=release --enable-cheaders=c_global --without-isl --with-gxx-include-dir=/not/exist/usr/include/c++/7.3.0 --with-build-time-tools=/home/hiroshi/imx8PRJ/imx-yocto-bsp/build-xwayland/tmp/work/x86_64-nativesdk-pokysdk-linux/gcc-cross-canadian-aarch64/7.3.0-r0/recipe-sysroot-native/usr/aarch64-poky-linux/bin --with-sysroot=/not/exist --with-build-sysroot=/home/hiroshi/imx8PRJ/imx-yocto-bsp/build-xwayland/tmp/work/x86_64-nativesdk-pokysdk-linux/gcc-cross-canadian-aarch64/7.3.0-r0/recipe-sysroot --without-long-double-128 --enable-poison-system-directories --with-mpfr=/home/hiroshi/imx8PRJ/imx-yocto-bsp/build-xwayland/tmp/work/x86_64-nativesdk-pokysdk-linux/gcc-cross-canadian-aarch64/7.3.0-r0/recipe-sysroot --with-mpc=/home/hiroshi/imx8PRJ/imx-yocto-bsp/build-xwayland/tmp/work/x86_64-nativesdk-pokysdk-linux/gcc-cross-canadian-aarch64/7.3.0-r0/recipe-sysroot --enable-nls --enable-initfini-array --enable-__cxa_atexit
Thread model: posix
gcc version 7.3.0 (GCC) 
configure:3028: $? = 0
configure:3017: aarch64-poky-linux-gcc  --sysroot=/opt/fsl-imx-xwayland/4.9-rocko/sysroots/aarch64-poky-linux -V >&5
aarch64-poky-linux-gcc: error: unrecognized command line option '-V'
aarch64-poky-linux-gcc: fatal error: no input files
compilation terminated.
configure:3028: $? = 1
configure:3017: aarch64-poky-linux-gcc  --sysroot=/opt/fsl-imx-xwayland/4.9-rocko/sysroots/aarch64-poky-linux -qversion >&5
aarch64-poky-linux-gcc: error: unrecognized command line option '-qversion'; did you mean '--version'?
aarch64-poky-linux-gcc: fatal error: no input files
compilation terminated.
configure:3028: $? = 1
configure:3048: checking whether the C compiler works
configure:3070: aarch64-poky-linux-gcc  --sysroot=/opt/fsl-imx-xwayland/4.9-rocko/sysroots/aarch64-poky-linux  -O2 -pipe -g -feliminate-unused-debug-types   -Wl,-O1 -Wl,--hash-style=gnu -Wl,--as-needed conftest.c  >&5
configure:3074: $? = 0
configure:3122: result: yes
configure:3125: checking for C compiler default output file name
configure:3127: result: a.out
configure:3133: checking for suffix of executables
configure:3140: aarch64-poky-linux-gcc  --sysroot=/opt/fsl-imx-xwayland/4.9-rocko/sysroots/aarch64-poky-linux -o conftest  -O2 -pipe -g -feliminate-unused-debug-types   -Wl,-O1 -Wl,--hash-style=gnu -Wl,--as-needed conftest.c  >&5
configure:3144: $? = 0
configure:3166: result: 
configure:3188: checking whether we are cross compiling
configure:3226: result: yes
configure:3231: checking for suffix of object files
configure:3253: aarch64-poky-linux-gcc  --sysroot=/opt/fsl-imx-xwayland/4.9-rocko/sysroots/aarch64-poky-linux -c  -O2 -pipe -g -feliminate-unused-debug-types   conftest.c >&5
configure:3257: $? = 0
configure:3278: result: o
configure:3282: checking whether we are using the GNU C compiler
configure:3301: aarch64-poky-linux-gcc  --sysroot=/opt/fsl-imx-xwayland/4.9-rocko/sysroots/aarch64-poky-linux -c  -O2 -pipe -g -feliminate-unused-debug-types   conftest.c >&5
configure:3301: $? = 0
configure:3310: result: yes
configure:3319: checking whether aarch64-poky-linux-gcc  --sysroot=/opt/fsl-imx-xwayland/4.9-rocko/sysroots/aarch64-poky-linux accepts -g
configure:3339: aarch64-poky-linux-gcc  --sysroot=/opt/fsl-imx-xwayland/4.9-rocko/sysroots/aarch64-poky-linux -c -g  conftest.c >&5
configure:3339: $? = 0
configure:3380: result: yes
configure:3397: checking for aarch64-poky-linux-gcc  --sysroot=/opt/fsl-imx-xwayland/4.9-rocko/sysroots/aarch64-poky-linux option to accept ISO C89
configure:3460: aarch64-poky-linux-gcc  --sysroot=/opt/fsl-imx-xwayland/4.9-rocko/sysroots/aarch64-poky-linux  -c  -O2 -pipe -g -feliminate-unused-debug-types   conftest.c >&5
configure:3460: $? = 0
configure:3473: result: none needed
configure:3498: checking whether aarch64-poky-linux-gcc  --sysroot=/opt/fsl-imx-xwayland/4.9-rocko/sysroots/aarch64-poky-linux understands -c and -o together
configure:3520: aarch64-poky-linux-gcc  --sysroot=/opt/fsl-imx-xwayland/4.9-rocko/sysroots/aarch64-poky-linux -c conftest.c -o conftest2.o
configure:3523: $? = 0
configure:3520: aarch64-poky-linux-gcc  --sysroot=/opt/fsl-imx-xwayland/4.9-rocko/sysroots/aarch64-poky-linux -c conftest.c -o conftest2.o
configure:3523: $? = 0
configure:3535: result: yes
configure:3563: checking for style of include used by make
configure:3591: result: GNU
configure:3617: checking dependency style of aarch64-poky-linux-gcc  --sysroot=/opt/fsl-imx-xwayland/4.9-rocko/sysroots/aarch64-poky-linux
configure:3728: result: gcc3
configure:3855: checking for C++ compiler version
configure:3864: aarch64-poky-linux-g++  --sysroot=/opt/fsl-imx-xwayland/4.9-rocko/sysroots/aarch64-poky-linux --version >&5
aarch64-poky-linux-g++ (GCC) 7.3.0
Copyright (C) 2017 Free Software Foundation, Inc.
This is free software; see the source for copying conditions.  There is NO
warranty; not even for MERCHANTABILITY or FITNESS FOR A PARTICULAR PURPOSE.

configure:3875: $? = 0
configure:3864: aarch64-poky-linux-g++  --sysroot=/opt/fsl-imx-xwayland/4.9-rocko/sysroots/aarch64-poky-linux -v >&5
Using built-in specs.
COLLECT_GCC=aarch64-poky-linux-g++
COLLECT_LTO_WRAPPER=/opt/fsl-imx-xwayland/4.9-rocko/sysroots/x86_64-pokysdk-linux/usr/libexec/aarch64-poky-linux/gcc/aarch64-poky-linux/7.3.0/lto-wrapper
Target: aarch64-poky-linux
Configured with: ../../../../../../work-shared/gcc-7.3.0-r0/gcc-7.3.0/configure --build=x86_64-linux --host=x86_64-pokysdk-linux --target=aarch64-poky-linux --prefix=/opt/fsl-imx-xwayland/4.9-rocko/sysroots/x86_64-pokysdk-linux/usr --exec_prefix=/opt/fsl-imx-xwayland/4.9-rocko/sysroots/x86_64-pokysdk-linux/usr --bindir=/opt/fsl-imx-xwayland/4.9-rocko/sysroots/x86_64-pokysdk-linux/usr/bin/aarch64-poky-linux --sbindir=/opt/fsl-imx-xwayland/4.9-rocko/sysroots/x86_64-pokysdk-linux/usr/bin/aarch64-poky-linux --libexecdir=/opt/fsl-imx-xwayland/4.9-rocko/sysroots/x86_64-pokysdk-linux/usr/libexec/aarch64-poky-linux --datadir=/opt/fsl-imx-xwayland/4.9-rocko/sysroots/x86_64-pokysdk-linux/usr/share --sysconfdir=/opt/fsl-imx-xwayland/4.9-rocko/sysroots/x86_64-pokysdk-linux/etc --sharedstatedir=/opt/fsl-imx-xwayland/4.9-rocko/sysroots/x86_64-pokysdk-linux/com --localstatedir=/opt/fsl-imx-xwayland/4.9-rocko/sysroots/x86_64-pokysdk-linux/var --libdir=/opt/fsl-imx-xwayland/4.9-rocko/sysroots/x86_64-pokysdk-linux/usr/lib/aarch64-poky-linux --includedir=/opt/fsl-imx-xwayland/4.9-rocko/sysroots/x86_64-pokysdk-linux/usr/include --oldincludedir=/opt/fsl-imx-xwayland/4.9-rocko/sysroots/x86_64-pokysdk-linux/usr/include --infodir=/opt/fsl-imx-xwayland/4.9-rocko/sysroots/x86_64-pokysdk-linux/usr/share/info --mandir=/opt/fsl-imx-xwayland/4.9-rocko/sysroots/x86_64-pokysdk-linux/usr/share/man --disable-silent-rules --disable-dependency-tracking --with-libtool-sysroot=/home/hiroshi/imx8PRJ/imx-yocto-bsp/build-xwayland/tmp/work/x86_64-nativesdk-pokysdk-linux/gcc-cross-canadian-aarch64/7.3.0-r0/recipe-sysroot --with-gnu-ld --enable-shared --enable-languages=c,c++ --enable-threads=posix --enable-multilib --enable-c99 --enable-long-long --enable-symvers=gnu --enable-libstdcxx-pch --program-prefix=aarch64-poky-linux- --without-local-prefix --enable-lto --enable-libssp --enable-libitm --disable-bootstrap --disable-libmudflap --with-system-zlib --with-linker-hash-style=gnu --enable-linker-build-id --with-ppl=no --with-cloog=no --enable-checking=release --enable-cheaders=c_global --without-isl --with-gxx-include-dir=/not/exist/usr/include/c++/7.3.0 --with-build-time-tools=/home/hiroshi/imx8PRJ/imx-yocto-bsp/build-xwayland/tmp/work/x86_64-nativesdk-pokysdk-linux/gcc-cross-canadian-aarch64/7.3.0-r0/recipe-sysroot-native/usr/aarch64-poky-linux/bin --with-sysroot=/not/exist --with-build-sysroot=/home/hiroshi/imx8PRJ/imx-yocto-bsp/build-xwayland/tmp/work/x86_64-nativesdk-pokysdk-linux/gcc-cross-canadian-aarch64/7.3.0-r0/recipe-sysroot --without-long-double-128 --enable-poison-system-directories --with-mpfr=/home/hiroshi/imx8PRJ/imx-yocto-bsp/build-xwayland/tmp/work/x86_64-nativesdk-pokysdk-linux/gcc-cross-canadian-aarch64/7.3.0-r0/recipe-sysroot --with-mpc=/home/hiroshi/imx8PRJ/imx-yocto-bsp/build-xwayland/tmp/work/x86_64-nativesdk-pokysdk-linux/gcc-cross-canadian-aarch64/7.3.0-r0/recipe-sysroot --enable-nls --enable-initfini-array --enable-__cxa_atexit
Thread model: posix
gcc version 7.3.0 (GCC) 
configure:3875: $? = 0
configure:3864: aarch64-poky-linux-g++  --sysroot=/opt/fsl-imx-xwayland/4.9-rocko/sysroots/aarch64-poky-linux -V >&5
aarch64-poky-linux-g++: error: unrecognized command line option '-V'
aarch64-poky-linux-g++: fatal error: no input files
compilation terminated.
configure:3875: $? = 1
configure:3864: aarch64-poky-linux-g++  --sysroot=/opt/fsl-imx-xwayland/4.9-rocko/sysroots/aarch64-poky-linux -qversion >&5
aarch64-poky-linux-g++: error: unrecognized command line option '-qversion'; did you mean '--version'?
aarch64-poky-linux-g++: fatal error: no input files
compilation terminated.
configure:3875: $? = 1
configure:3879: checking whether we are using the GNU C++ compiler
configure:3898: aarch64-poky-linux-g++  --sysroot=/opt/fsl-imx-xwayland/4.9-rocko/sysroots/aarch64-poky-linux -c  -O2 -pipe -g -feliminate-unused-debug-types   conftest.cpp >&5
configure:3898: $? = 0
configure:3907: result: yes
configure:3916: checking whether aarch64-poky-linux-g++  --sysroot=/opt/fsl-imx-xwayland/4.9-rocko/sysroots/aarch64-poky-linux accepts -g
configure:3936: aarch64-poky-linux-g++  --sysroot=/opt/fsl-imx-xwayland/4.9-rocko/sysroots/aarch64-poky-linux -c -g  conftest.cpp >&5
configure:3936: $? = 0
configure:3977: result: yes
configure:4002: checking dependency style of aarch64-poky-linux-g++  --sysroot=/opt/fsl-imx-xwayland/4.9-rocko/sysroots/aarch64-poky-linux
configure:4113: result: gcc3
configure:4135: checking for aarch64-poky-linux-ranlib
configure:4162: result: aarch64-poky-linux-ranlib
configure:4229: checking for main in -lutil
configure:4248: aarch64-poky-linux-gcc  --sysroot=/opt/fsl-imx-xwayland/4.9-rocko/sysroots/aarch64-poky-linux -o conftest  -O2 -pipe -g -feliminate-unused-debug-types   -Wl,-O1 -Wl,--hash-style=gnu -Wl,--as-needed conftest.c -lutil   >&5
configure:4248: $? = 0
configure:4257: result: yes
configure:4269: checking for main in -ldrone
configure:4288: aarch64-poky-linux-gcc  --sysroot=/opt/fsl-imx-xwayland/4.9-rocko/sysroots/aarch64-poky-linux -o conftest  -O2 -pipe -g -feliminate-unused-debug-types   -Wl,-O1 -Wl,--hash-style=gnu -Wl,--as-needed conftest.c -ldrone  -lutil  >&5
/opt/fsl-imx-xwayland/4.9-rocko/sysroots/x86_64-pokysdk-linux/usr/libexec/aarch64-poky-linux/gcc/aarch64-poky-linux/7.3.0/real-ld: cannot find -ldrone
collect2: error: ld returned 1 exit status
configure:4288: $? = 1
configure: failed program was:
| /* confdefs.h */
| #define PACKAGE_NAME "AUTO_DRONE"
| #define PACKAGE_TARNAME "auto_drone"
| #define PACKAGE_VERSION "1.0.0"
| #define PACKAGE_STRING "AUTO_DRONE 1.0.0"
| #define PACKAGE_BUGREPORT "contact@ecobot.biz"
| #define PACKAGE_URL ""
| #define PACKAGE "auto_drone"
| #define VERSION "1.0.0"
| #define HAVE_LIBUTIL 1
| /* end confdefs.h.  */
| 
| 
| int
| main ()
| {
| return main ();
|   ;
|   return 0;
| }
configure:4297: result: no
configure:4315: checking how to run the C preprocessor
configure:4385: result: aarch64-poky-linux-gcc -E  --sysroot=/opt/fsl-imx-xwayland/4.9-rocko/sysroots/aarch64-poky-linux
configure:4405: aarch64-poky-linux-gcc -E  --sysroot=/opt/fsl-imx-xwayland/4.9-rocko/sysroots/aarch64-poky-linux  conftest.c
configure:4405: $? = 0
configure:4419: aarch64-poky-linux-gcc -E  --sysroot=/opt/fsl-imx-xwayland/4.9-rocko/sysroots/aarch64-poky-linux  conftest.c
conftest.c:12:10: fatal error: ac_nonexistent.h: No such file or directory
 #include <ac_nonexistent.h>
          ^~~~~~~~~~~~~~~~~~
compilation terminated.
configure:4419: $? = 1
configure: failed program was:
| /* confdefs.h */
| #define PACKAGE_NAME "AUTO_DRONE"
| #define PACKAGE_TARNAME "auto_drone"
| #define PACKAGE_VERSION "1.0.0"
| #define PACKAGE_STRING "AUTO_DRONE 1.0.0"
| #define PACKAGE_BUGREPORT "contact@ecobot.biz"
| #define PACKAGE_URL ""
| #define PACKAGE "auto_drone"
| #define VERSION "1.0.0"
| #define HAVE_LIBUTIL 1
| /* end confdefs.h.  */
| #include <ac_nonexistent.h>
configure:4448: checking for grep that handles long lines and -e
configure:4506: result: /bin/grep
configure:4511: checking for egrep
configure:4573: result: /bin/grep -E
configure:4578: checking for ANSI C header files
configure:4598: aarch64-poky-linux-gcc  --sysroot=/opt/fsl-imx-xwayland/4.9-rocko/sysroots/aarch64-poky-linux -c  -O2 -pipe -g -feliminate-unused-debug-types   conftest.c >&5
configure:4598: $? = 0
configure:4682: result: yes
configure:4695: checking for sys/types.h
configure:4695: aarch64-poky-linux-gcc  --sysroot=/opt/fsl-imx-xwayland/4.9-rocko/sysroots/aarch64-poky-linux -c  -O2 -pipe -g -feliminate-unused-debug-types   conftest.c >&5
configure:4695: $? = 0
configure:4695: result: yes
configure:4695: checking for sys/stat.h
configure:4695: aarch64-poky-linux-gcc  --sysroot=/opt/fsl-imx-xwayland/4.9-rocko/sysroots/aarch64-poky-linux -c  -O2 -pipe -g -feliminate-unused-debug-types   conftest.c >&5
configure:4695: $? = 0
configure:4695: result: yes
configure:4695: checking for stdlib.h
configure:4695: aarch64-poky-linux-gcc  --sysroot=/opt/fsl-imx-xwayland/4.9-rocko/sysroots/aarch64-poky-linux -c  -O2 -pipe -g -feliminate-unused-debug-types   conftest.c >&5
configure:4695: $? = 0
configure:4695: result: yes
configure:4695: checking for string.h
configure:4695: aarch64-poky-linux-gcc  --sysroot=/opt/fsl-imx-xwayland/4.9-rocko/sysroots/aarch64-poky-linux -c  -O2 -pipe -g -feliminate-unused-debug-types   conftest.c >&5
configure:4695: $? = 0
configure:4695: result: yes
configure:4695: checking for memory.h
configure:4695: aarch64-poky-linux-gcc  --sysroot=/opt/fsl-imx-xwayland/4.9-rocko/sysroots/aarch64-poky-linux -c  -O2 -pipe -g -feliminate-unused-debug-types   conftest.c >&5
configure:4695: $? = 0
configure:4695: result: yes
configure:4695: checking for strings.h
configure:4695: aarch64-poky-linux-gcc  --sysroot=/opt/fsl-imx-xwayland/4.9-rocko/sysroots/aarch64-poky-linux -c  -O2 -pipe -g -feliminate-unused-debug-types   conftest.c >&5
configure:4695: $? = 0
configure:4695: result: yes
configure:4695: checking for inttypes.h
configure:4695: aarch64-poky-linux-gcc  --sysroot=/opt/fsl-imx-xwayland/4.9-rocko/sysroots/aarch64-poky-linux -c  -O2 -pipe -g -feliminate-unused-debug-types   conftest.c >&5
configure:4695: $? = 0
configure:4695: result: yes
configure:4695: checking for stdint.h
configure:4695: aarch64-poky-linux-gcc  --sysroot=/opt/fsl-imx-xwayland/4.9-rocko/sysroots/aarch64-poky-linux -c  -O2 -pipe -g -feliminate-unused-debug-types   conftest.c >&5
configure:4695: $? = 0
configure:4695: result: yes
configure:4695: checking for unistd.h
configure:4695: aarch64-poky-linux-gcc  --sysroot=/opt/fsl-imx-xwayland/4.9-rocko/sysroots/aarch64-poky-linux -c  -O2 -pipe -g -feliminate-unused-debug-types   conftest.c >&5
configure:4695: $? = 0
configure:4695: result: yes
configure:4710: checking fcntl.h usability
configure:4710: aarch64-poky-linux-gcc  --sysroot=/opt/fsl-imx-xwayland/4.9-rocko/sysroots/aarch64-poky-linux -c  -O2 -pipe -g -feliminate-unused-debug-types   conftest.c >&5
configure:4710: $? = 0
configure:4710: result: yes
configure:4710: checking fcntl.h presence
configure:4710: aarch64-poky-linux-gcc -E  --sysroot=/opt/fsl-imx-xwayland/4.9-rocko/sysroots/aarch64-poky-linux  conftest.c
configure:4710: $? = 0
configure:4710: result: yes
configure:4710: checking for fcntl.h
configure:4710: result: yes
configure:4710: checking for stdlib.h
configure:4710: result: yes
configure:4710: checking sys/ioctl.h usability
configure:4710: aarch64-poky-linux-gcc  --sysroot=/opt/fsl-imx-xwayland/4.9-rocko/sysroots/aarch64-poky-linux -c  -O2 -pipe -g -feliminate-unused-debug-types   conftest.c >&5
configure:4710: $? = 0
configure:4710: result: yes
configure:4710: checking sys/ioctl.h presence
configure:4710: aarch64-poky-linux-gcc -E  --sysroot=/opt/fsl-imx-xwayland/4.9-rocko/sysroots/aarch64-poky-linux  conftest.c
configure:4710: $? = 0
configure:4710: result: yes
configure:4710: checking for sys/ioctl.h
configure:4710: result: yes
configure:4710: checking termios.h usability
configure:4710: aarch64-poky-linux-gcc  --sysroot=/opt/fsl-imx-xwayland/4.9-rocko/sysroots/aarch64-poky-linux -c  -O2 -pipe -g -feliminate-unused-debug-types   conftest.c >&5
configure:4710: $? = 0
configure:4710: result: yes
configure:4710: checking termios.h presence
configure:4710: aarch64-poky-linux-gcc -E  --sysroot=/opt/fsl-imx-xwayland/4.9-rocko/sysroots/aarch64-poky-linux  conftest.c
configure:4710: $? = 0
configure:4710: result: yes
configure:4710: checking for termios.h
configure:4710: result: yes
configure:4710: checking for unistd.h
configure:4710: result: yes
configure:4722: checking for stdbool.h that conforms to C99
configure:4789: aarch64-poky-linux-gcc  --sysroot=/opt/fsl-imx-xwayland/4.9-rocko/sysroots/aarch64-poky-linux -c  -O2 -pipe -g -feliminate-unused-debug-types   conftest.c >&5
configure:4789: $? = 0
configure:4796: result: yes
configure:4798: checking for _Bool
configure:4798: aarch64-poky-linux-gcc  --sysroot=/opt/fsl-imx-xwayland/4.9-rocko/sysroots/aarch64-poky-linux -c  -O2 -pipe -g -feliminate-unused-debug-types   conftest.c >&5
configure:4798: $? = 0
configure:4798: aarch64-poky-linux-gcc  --sysroot=/opt/fsl-imx-xwayland/4.9-rocko/sysroots/aarch64-poky-linux -c  -O2 -pipe -g -feliminate-unused-debug-types   conftest.c >&5
conftest.c: In function 'main':
conftest.c:63:20: error: expected expression before ')' token
 if (sizeof ((_Bool)))
                    ^
configure:4798: $? = 1
configure: failed program was:
| /* confdefs.h */
| #define PACKAGE_NAME "AUTO_DRONE"
| #define PACKAGE_TARNAME "auto_drone"
| #define PACKAGE_VERSION "1.0.0"
| #define PACKAGE_STRING "AUTO_DRONE 1.0.0"
| #define PACKAGE_BUGREPORT "contact@ecobot.biz"
| #define PACKAGE_URL ""
| #define PACKAGE "auto_drone"
| #define VERSION "1.0.0"
| #define HAVE_LIBUTIL 1
| #define STDC_HEADERS 1
| #define HAVE_SYS_TYPES_H 1
| #define HAVE_SYS_STAT_H 1
| #define HAVE_STDLIB_H 1
| #define HAVE_STRING_H 1
| #define HAVE_MEMORY_H 1
| #define HAVE_STRINGS_H 1
| #define HAVE_INTTYPES_H 1
| #define HAVE_STDINT_H 1
| #define HAVE_UNISTD_H 1
| #define HAVE_FCNTL_H 1
| #define HAVE_STDLIB_H 1
| #define HAVE_SYS_IOCTL_H 1
| #define HAVE_TERMIOS_H 1
| #define HAVE_UNISTD_H 1
| /* end confdefs.h.  */
| #include <stdio.h>
| #ifdef HAVE_SYS_TYPES_H
| # include <sys/types.h>
| #endif
| #ifdef HAVE_SYS_STAT_H
| # include <sys/stat.h>
| #endif
| #ifdef STDC_HEADERS
| # include <stdlib.h>
| # include <stddef.h>
| #else
| # ifdef HAVE_STDLIB_H
| #  include <stdlib.h>
| # endif
| #endif
| #ifdef HAVE_STRING_H
| # if !defined STDC_HEADERS && defined HAVE_MEMORY_H
| #  include <memory.h>
| # endif
| # include <string.h>
| #endif
| #ifdef HAVE_STRINGS_H
| # include <strings.h>
| #endif
| #ifdef HAVE_INTTYPES_H
| # include <inttypes.h>
| #endif
| #ifdef HAVE_STDINT_H
| # include <stdint.h>
| #endif
| #ifdef HAVE_UNISTD_H
| # include <unistd.h>
| #endif
| int
| main ()
| {
| if (sizeof ((_Bool)))
| 	    return 0;
|   ;
|   return 0;
| }
configure:4798: result: yes
configure:4948: creating ./config.status

## ---------------------- ##
## Running config.status. ##
## ---------------------- ##

This file was extended by AUTO_DRONE config.status 1.0.0, which was
generated by GNU Autoconf 2.69.  Invocation command line was

  CONFIG_FILES    = 
  CONFIG_HEADERS  = 
  CONFIG_LINKS    = 
  CONFIG_COMMANDS = 
  $ ./config.status 

on hiroshi-pc

config.status:837: creating Makefile
config.status:837: creating src/Makefile
config.status:837: creating src/io/Makefile
config.status:837: creating src/util/Makefile
config.status:837: creating config.h
config.status:1018: config.h is unchanged
config.status:1066: executing depfiles commands
configure:6231: WARNING: unrecognized options: --with-libtool-sysroot

## ---------------- ##
## Cache variables. ##
## ---------------- ##

ac_cv___va_copy=yes
ac_cv_af_unix_large_dgram=yes
ac_cv_alignof_CORBA_boolean=1
ac_cv_alignof_CORBA_char=1
ac_cv_alignof_CORBA_double=8
ac_cv_alignof_CORBA_float=4
ac_cv_alignof_CORBA_long=4
ac_cv_alignof_CORBA_long_double=8
ac_cv_alignof_CORBA_long_long=8
ac_cv_alignof_CORBA_octet=1
ac_cv_alignof_CORBA_pointer=4
ac_cv_alignof_CORBA_short=2
ac_cv_alignof_CORBA_struct=1
ac_cv_alignof_CORBA_wchar=2
ac_cv_alignof_char=1
ac_cv_alignof_dbind_pointer=8
ac_cv_alignof_dbind_struct=1
ac_cv_alignof_dbus_bool_t=4
ac_cv_alignof_dbus_int16_t=2
ac_cv_alignof_dbus_int32_t=4
ac_cv_alignof_dbus_int64_t=8
ac_cv_alignof_double=8
ac_cv_alignof_guint32=4
ac_cv_alignof_guint64=8
ac_cv_alignof_unsigned_long=8
ac_cv_buggy_getaddrinfo=no
ac_cv_c_bigendian=no
ac_cv_c_compiler_gnu=yes
ac_cv_c_endian=little
ac_cv_c_littleendian=yes
ac_cv_c_long_double=yes
ac_cv_check_sjlj=ssjlj
ac_cv_conv_longlong_to_float=yes
ac_cv_cxx_compiler_gnu=yes
ac_cv_dirent_have_space_d_name=yes
ac_cv_env_CCC_set=
ac_cv_env_CCC_value=
ac_cv_env_CC_set=set
ac_cv_env_CC_value='aarch64-poky-linux-gcc  --sysroot=/opt/fsl-imx-xwayland/4.9-rocko/sysroots/aarch64-poky-linux'
ac_cv_env_CFLAGS_set=set
ac_cv_env_CFLAGS_value=' -O2 -pipe -g -feliminate-unused-debug-types '
ac_cv_env_CPPFLAGS_set=set
ac_cv_env_CPPFLAGS_value=
ac_cv_env_CPP_set=set
ac_cv_env_CPP_value='aarch64-poky-linux-gcc -E  --sysroot=/opt/fsl-imx-xwayland/4.9-rocko/sysroots/aarch64-poky-linux'
ac_cv_env_CXXFLAGS_set=set
ac_cv_env_CXXFLAGS_value=' -O2 -pipe -g -feliminate-unused-debug-types '
ac_cv_env_CXX_set=set
ac_cv_env_CXX_value='aarch64-poky-linux-g++  --sysroot=/opt/fsl-imx-xwayland/4.9-rocko/sysroots/aarch64-poky-linux'
ac_cv_env_LDFLAGS_set=set
ac_cv_env_LDFLAGS_value='-Wl,-O1 -Wl,--hash-style=gnu -Wl,--as-needed'
ac_cv_env_LIBS_set=
ac_cv_env_LIBS_value=
ac_cv_env_build_alias_set=set
ac_cv_env_build_alias_value=x86_64-linux
ac_cv_env_host_alias_set=set
ac_cv_env_host_alias_value=aarch64-poky-linux
ac_cv_env_target_alias_set=set
ac_cv_env_target_alias_value=aarch64-poky-linux
ac_cv_epoll_works=yes
ac_cv_file__dev_random=yes
ac_cv_file__dev_zero=yes
ac_cv_func___va_copy=yes
ac_cv_func_fnmatch_works=yes
ac_cv_func_getaddrinfo=yes
ac_cv_func_getgrgid_r=yes
ac_cv_func_getpagesize=yes
ac_cv_func_getpgrp_void=yes
ac_cv_func_getpwuid_r=yes
ac_cv_func_lstat_dereferences_slashed_symlink=yes
ac_cv_func_lstat_empty_string_bug=no
ac_cv_func_malloc_0_nonnull=yes
ac_cv_func_malloc_works=yes
ac_cv_func_memcmp_working=yes
ac_cv_func_memcpy=yes
ac_cv_func_mmap_fixed_mapped=yes
ac_cv_func_posix_getgrgid_r=yes
ac_cv_func_posix_getpwnam_r=yes
ac_cv_func_posix_getpwuid_r=yes
ac_cv_func_printf_unix98=yes
ac_cv_func_pthread_attr_getstack=yes
ac_cv_func_pthread_key_delete=yes
ac_cv_func_realloc_0_nonnull=yes
ac_cv_func_realloc_works=yes
ac_cv_func_setgrent_void=yes
ac_cv_func_setpgrp_void=yes
ac_cv_func_setresuid=yes
ac_cv_func_snprintf_c99=yes
ac_cv_func_stat_empty_string_bug=no
ac_cv_func_stat_ignores_trailing_slash=no
ac_cv_func_strerror=yes
ac_cv_func_va_copy=yes
ac_cv_func_vsnprintf_c99=yes
ac_cv_have_abstract_sockets=yes
ac_cv_have_accrights_in_msghdr=no
ac_cv_have_broken_snprintf=no
ac_cv_have_control_in_msghdr=yes
ac_cv_have_decl_sys_siglist=yes
ac_cv_have_long_long_format=yes
ac_cv_have_openpty_ctty_bug=yes
ac_cv_have_space_d_name_in_struct_dirent=yes
ac_cv_header_fcntl_h=yes
ac_cv_header_inttypes_h=yes
ac_cv_header_memory_h=yes
ac_cv_header_netinet_sctp_h=no
ac_cv_header_netinet_sctp_uio_h=no
ac_cv_header_stdbool_h=yes
ac_cv_header_stdc=yes
ac_cv_header_stdint_h=yes
ac_cv_header_stdlib_h=yes
ac_cv_header_string_h=yes
ac_cv_header_strings_h=yes
ac_cv_header_sys_ioctl_h=yes
ac_cv_header_sys_stat_h=yes
ac_cv_header_sys_types_h=yes
ac_cv_header_termios_h=yes
ac_cv_header_unistd_h=yes
ac_cv_ispeed_offset=13
ac_cv_lib_drone_main=no
ac_cv_lib_png_png_create_info_struct=yes
ac_cv_lib_util_main=yes
ac_cv_libiconv_utf8=yes
ac_cv_libnet_endianess=lil
ac_cv_linux_vers=2
ac_cv_need_trio=no
ac_cv_o_nonblock_inherited=no
ac_cv_objext=o
ac_cv_path_EGREP='/bin/grep -E'
ac_cv_path_GREP=/bin/grep
ac_cv_path_SED=sed
ac_cv_path_install='/usr/bin/install -c'
ac_cv_path_mkdir=/bin/mkdir
ac_cv_pread=no
ac_cv_prog_AWK=gawk
ac_cv_prog_CC='aarch64-poky-linux-gcc  --sysroot=/opt/fsl-imx-xwayland/4.9-rocko/sysroots/aarch64-poky-linux'
ac_cv_prog_CPP='aarch64-poky-linux-gcc -E  --sysroot=/opt/fsl-imx-xwayland/4.9-rocko/sysroots/aarch64-poky-linux'
ac_cv_prog_RANLIB=aarch64-poky-linux-ranlib
ac_cv_prog_STRIP=aarch64-poky-linux-strip
ac_cv_prog_cc_c89=
ac_cv_prog_cc_g=yes
ac_cv_prog_cxx_g=yes
ac_cv_prog_make_make_set=yes
ac_cv_pwrite=no
ac_cv_regexec_segfault_emptystr=no
ac_cv_sctp=no
ac_cv_sizeof_pid_t=4
ac_cv_sizeof_size_t=8
ac_cv_sizeof_ssize_t=8
ac_cv_sizeof_wchar_t=4
ac_cv_strerror_r_SUSv3=no
ac_cv_sys_restartable_syscalls=yes
ac_cv_type__Bool=yes
ac_cv_type_uid_t='{ac_cv_type_uid_t=yes}'
ac_cv_va_copy=yes
ac_cv_va_val_copy=yes
am_cv_CC_dependencies_compiler_type=gcc3
am_cv_CXX_dependencies_compiler_type=gcc3
am_cv_func_working_getline=yes
am_cv_make_support_nested_variables=yes
am_cv_prog_cc_c_o=yes
am_cv_scanf_lld=yes
apr_cv_process_shared_works=no
apr_cv_tcp_nodelay_with_cork=yes
as_cv_unaligned_access=no
bash_cv_dup2_broken=no
bash_cv_func_sigsetjmp=missing
bash_cv_func_strcoll_broken=no
bash_cv_getcwd_calls_popen=no
bash_cv_getcwd_malloc=yes
bash_cv_getenv_redef=yes
bash_cv_have_mbstate_t=yes
bash_cv_job_control_missing=present
bash_cv_must_reinstall_sighandlers=no
bash_cv_opendir_not_robust=no
bash_cv_pgrp_pipe=no
bash_cv_printf_a_format=yes
bash_cv_sys_named_pipes=present
bash_cv_sys_siglist=yes
bash_cv_type_rlimit=rlim_t
bash_cv_ulimit_maxfds=yes
bash_cv_under_sys_siglist=yes
bash_cv_unusable_rtsigs=no
compat_cv_func_basename_works=no
compat_cv_func_dirname_works=no
compat_cv_func_snprintf_works=yes
cvs_cv_func_printf_ptr=yes
db_cv_align_t='unsigned long long'
db_cv_alignp_t='unsigned long'
db_cv_fcntl_f_setfd=yes
db_cv_path_ar=/usr/bin/ar
db_cv_path_chmod=/bin/chmod
db_cv_path_cp=/bin/cp
db_cv_path_ln=/bin/ln
db_cv_path_mkdir=/bin/mkdir
db_cv_path_ranlib=/usr/bin/ranlib
db_cv_path_rm=/bin/rm
db_cv_path_sh=/bin/sh
db_cv_path_strip=/usr/bin/strip
db_cv_spinlocks=no
db_cv_sprintf_count=yes
ettercap_cv_type_socklen_t=yes
fu_cv_sys_stat_statfs2_bsize=yes
gl_cv_func_btowc_eof=yes
gl_cv_func_fstatat_zero_flag=yes
gl_cv_func_mbrtowc_incomplete_state=yes
gl_cv_func_mbrtowc_nul_retval=yes
gl_cv_func_mbrtowc_null_arg=yes
gl_cv_func_mbrtowc_retval=yes
gl_cv_func_mbrtowc_sanitycheck=yes
gl_cv_func_sleep_works=yes
gl_cv_func_wcrtomb_retval=yes
gl_cv_func_wctob_works=yes
gl_cv_header_working_fcntl_h=yes
glib_cv___va_copy=yes
glib_cv_compliant_posix_memalign=1
glib_cv_has__inline=yes
glib_cv_has__inline__=yes
glib_cv_hasinline=yes
glib_cv_have_qsort_r=yes
glib_cv_long_long_format=ll
glib_cv_rtldglobal_broken=no
glib_cv_sane_realloc=yes
glib_cv_stack_grows=no
glib_cv_strlcpy=no
glib_cv_sys_pthread_cond_timedwait_posix=yes
glib_cv_sys_pthread_getspecific_posix=yes
glib_cv_sys_pthread_mutex_trylock_posix=yes
glib_cv_sys_use_pid_niceness_surrogate=yes
glib_cv_uscore=no
glib_cv_use_pid_surrogate=yes
glib_cv_va_copy=yes
glib_cv_va_val_copy=yes
gt_cv_locale_fr=fr_FR
hw_cv_func_snprintf_c99=yes
hw_cv_func_vsnprintf_c99=yes
jm_cv_func_working_readdir=yes
lf_cv_sane_realloc=yes
lftp_cv_va_val_copy=yes
libIDL_cv_long_long_format=ll
mr_cv_target_elf=yes
mysql_cv_func_atomic_add=no
mysql_cv_func_atomic_sub=no
nano_cv_func_regexec_segv_emptystr=no
php_cv_lib_cookie_io_functions_use_off64_t=yes
rpppoe_cv_pack_bitfields=rev
rsync_cv_HAVE_BROKEN_LARGEFILE=no
rsync_cv_HAVE_BROKEN_READDIR=no
rsync_cv_HAVE_C99_VSNPRINTF=yes
rsync_cv_HAVE_GETTIMEOFDAY_TZ=yes
rsync_cv_HAVE_LONGLONG=yes
rsync_cv_HAVE_OFF64_T=no
rsync_cv_HAVE_SECURE_MKSTEMP=yes
rsync_cv_HAVE_SHORT_INO_T=no
rsync_cv_HAVE_SOCKETPAIR=yes
rsync_cv_HAVE_UNSIGNED_CHAR=no
rsync_cv_REPLACE_INET_ATON=no
rsync_cv_REPLACE_INET_NTOA=no
samba_cv_HAVE_IFACE_AIX=no
samba_cv_HAVE_IFACE_IFCONF=yes
samba_cv_HAVE_IFACE_IFREQ=yes
samba_cv_HAVE_IRIX_SPECIFIC_CAPABILITIES=no
sc_cv_termios_ispeed=yes
screen_cv_sys_bcopy_overlap=no
screen_cv_sys_fifo_broken_impl=yes
screen_cv_sys_fifo_usable=yes
screen_cv_sys_memcpy_overlap=no
screen_cv_sys_memmove_overlap=no
screen_cv_sys_select_broken_retval=no
screen_cv_sys_sockets_nofs=no
screen_cv_sys_sockets_usable=yes
screen_cv_sys_terminfo_used=yes
shadow_cv_logdir='${prefix}/var/log'
shadow_cv_maildir='${prefix}/var/spool/mail'
shadow_cv_mailfile=Mailbox
shadow_cv_passwd_dir='${exec_prefix}/bin'
shadow_cv_utmpdir='${prefix}/var/run'
slrn_cv_va_val_copy=yes
sudo_cv_func_unsetenv_void=no
tcl_cv_api_serial=termios
utils_cv_sys_open_max=1019
xorg_cv_malloc0_returns_null=yes

## ----------------- ##
## Output variables. ##
## ----------------- ##

ACLOCAL='${SHELL} /home/hiroshi/imx8PRJ/prj/auto_drone/missing aclocal-1.15'
AMDEPBACKSLASH='\'
AMDEP_FALSE='#'
AMDEP_TRUE=''
AMTAR='$${TAR-tar}'
AM_BACKSLASH='\'
AM_DEFAULT_V='$(AM_DEFAULT_VERBOSITY)'
AM_DEFAULT_VERBOSITY='1'
AM_V='$(V)'
AUTOCONF='${SHELL} /home/hiroshi/imx8PRJ/prj/auto_drone/missing autoconf'
AUTOHEADER='${SHELL} /home/hiroshi/imx8PRJ/prj/auto_drone/missing autoheader'
AUTOMAKE='${SHELL} /home/hiroshi/imx8PRJ/prj/auto_drone/missing automake-1.15'
AWK='gawk'
CC='aarch64-poky-linux-gcc  --sysroot=/opt/fsl-imx-xwayland/4.9-rocko/sysroots/aarch64-poky-linux'
CCDEPMODE='depmode=gcc3'
CFLAGS=' -O2 -pipe -g -feliminate-unused-debug-types '
CPP='aarch64-poky-linux-gcc -E  --sysroot=/opt/fsl-imx-xwayland/4.9-rocko/sysroots/aarch64-poky-linux'
CPPFLAGS=''
CXX='aarch64-poky-linux-g++  --sysroot=/opt/fsl-imx-xwayland/4.9-rocko/sysroots/aarch64-poky-linux'
CXXDEPMODE='depmode=gcc3'
CXXFLAGS=' -O2 -pipe -g -feliminate-unused-debug-types '
CYGPATH_W='echo'
DEFS='-DHAVE_CONFIG_H'
DEPDIR='.deps'
ECHO_C=''
ECHO_N='-n'
ECHO_T=''
EGREP='/bin/grep -E'
EXEEXT=''
GREP='/bin/grep'
INSTALL_DATA='${INSTALL} -m 644'
INSTALL_PROGRAM='${INSTALL}'
INSTALL_SCRIPT='${INSTALL}'
INSTALL_STRIP_PROGRAM='$(install_sh) -c -s'
LDFLAGS='-Wl,-O1 -Wl,--hash-style=gnu -Wl,--as-needed'
LIBOBJS=''
LIBS='-lutil '
LTLIBOBJS=''
MAKEINFO='${SHELL} /home/hiroshi/imx8PRJ/prj/auto_drone/missing makeinfo'
MKDIR_P='/bin/mkdir -p'
OBJEXT='o'
PACKAGE='auto_drone'
PACKAGE_BUGREPORT='contact@ecobot.biz'
PACKAGE_NAME='AUTO_DRONE'
PACKAGE_STRING='AUTO_DRONE 1.0.0'
PACKAGE_TARNAME='auto_drone'
PACKAGE_URL=''
PACKAGE_VERSION='1.0.0'
PATH_SEPARATOR=':'
RANLIB='aarch64-poky-linux-ranlib'
SET_MAKE=''
SHELL='/bin/bash'
STRIP='aarch64-poky-linux-strip'
VERSION='1.0.0'
ac_ct_CC=''
ac_ct_CXX=''
am__EXEEXT_FALSE=''
am__EXEEXT_TRUE='#'
am__fastdepCC_FALSE='#'
am__fastdepCC_TRUE=''
am__fastdepCXX_FALSE='#'
am__fastdepCXX_TRUE=''
am__include='include'
am__isrc=''
am__leading_dot='.'
am__nodep='_no'
am__quote=''
am__tar='$${TAR-tar} chof - "$$tardir"'
am__untar='$${TAR-tar} xf -'
bindir='${exec_prefix}/bin'
build_alias='x86_64-linux'
datadir='${datarootdir}'
datarootdir='${prefix}/share'
docdir='${datarootdir}/doc/${PACKAGE_TARNAME}'
dvidir='${docdir}'
exec_prefix='${prefix}'
host_alias='aarch64-poky-linux'
htmldir='${docdir}'
includedir='${prefix}/include'
infodir='${datarootdir}/info'
install_sh='${SHELL} /home/hiroshi/imx8PRJ/prj/auto_drone/install-sh'
libdir='${exec_prefix}/lib'
libexecdir='${exec_prefix}/libexec'
localedir='${datarootdir}/locale'
localstatedir='${prefix}/var'
mandir='${datarootdir}/man'
mkdir_p='$(MKDIR_P)'
oldincludedir='/usr/include'
pdfdir='${docdir}'
prefix='/usr/local'
program_transform_name='s,x,x,'
psdir='${docdir}'
sbindir='${exec_prefix}/sbin'
sharedstatedir='${prefix}/com'
sysconfdir='${prefix}/etc'
target_alias='aarch64-poky-linux'

## ----------- ##
## confdefs.h. ##
## ----------- ##

/* confdefs.h */
#define PACKAGE_NAME "AUTO_DRONE"
#define PACKAGE_TARNAME "auto_drone"
#define PACKAGE_VERSION "1.0.0"
#define PACKAGE_STRING "AUTO_DRONE 1.0.0"
#define PACKAGE_BUGREPORT "contact@ecobot.biz"
#define PACKAGE_URL ""
#define PACKAGE "auto_drone"
#define VERSION "1.0.0"
#define HAVE_LIBUTIL 1
#define STDC_HEADERS 1
#define HAVE_SYS_TYPES_H 1
#define HAVE_SYS_STAT_H 1
#define HAVE_STDLIB_H 1
#define HAVE_STRING_H 1
#define HAVE_MEMORY_H 1
#define HAVE_STRINGS_H 1
#define HAVE_INTTYPES_H 1
#define HAVE_STDINT_H 1
#define HAVE_UNISTD_H 1
#define HAVE_FCNTL_H 1
#define HAVE_STDLIB_H 1
#define HAVE_SYS_IOCTL_H 1
#define HAVE_TERMIOS_H 1
#define HAVE_UNISTD_H 1
#define HAVE__BOOL 1

configure: exit 0
